2024-09-09 20:04:43 [main] INFO  com.xlb.BookingOrderApplication - Starting BookingOrderApplication on DESKTOP-BLBBQ2P with PID 33976 (F:\CODE\JAVA\project\booking_order\target\classes started by King in F:\CODE\JAVA\project\booking_order)
2024-09-09 20:04:43 [main] INFO  com.xlb.BookingOrderApplication - No active profile set, falling back to default profiles: default
2024-09-09 20:04:43 [main] INFO  o.s.b.w.e.tomcat.TomcatWebServer - Tomcat initialized with port(s): 8080 (http)
2024-09-09 20:04:43 [main] INFO  o.a.coyote.http11.Http11NioProtocol - Initializing ProtocolHandler ["http-nio-8080"]
2024-09-09 20:04:43 [main] INFO  o.a.catalina.core.StandardService - Starting service [Tomcat]
2024-09-09 20:04:43 [main] INFO  o.a.catalina.core.StandardEngine - Starting Servlet engine: [Apache Tomcat/9.0.46]
2024-09-09 20:04:43 [main] INFO  o.a.c.core.AprLifecycleListener - Loaded Apache Tomcat Native library [1.2.35] using APR version [1.7.0].
2024-09-09 20:04:43 [main] INFO  o.a.c.core.AprLifecycleListener - APR capabilities: IPv6 [true], sendfile [true], accept filters [false], random [true].
2024-09-09 20:04:43 [main] INFO  o.a.c.core.AprLifecycleListener - APR/OpenSSL configuration: useAprConnector [false], useOpenSSL [true]
2024-09-09 20:04:43 [main] INFO  o.a.c.core.AprLifecycleListener - OpenSSL successfully initialized [OpenSSL 1.1.1q  5 Jul 2022]
2024-09-09 20:04:44 [main] INFO  o.a.c.c.C.[Tomcat].[localhost].[/] - Initializing Spring embedded WebApplicationContext
2024-09-09 20:04:44 [main] INFO  o.s.b.w.s.c.ServletWebServerApplicationContext - Root WebApplicationContext: initialization completed in 605 ms
2024-09-09 20:04:44 [main] INFO  o.s.s.c.ThreadPoolTaskExecutor - Initializing ExecutorService 'applicationTaskExecutor'
2024-09-09 20:04:44 [main] INFO  o.a.coyote.http11.Http11NioProtocol - Starting ProtocolHandler ["http-nio-8080"]
2024-09-09 20:04:44 [main] INFO  o.s.b.w.e.tomcat.TomcatWebServer - Tomcat started on port(s): 8080 (http) with context path ''
2024-09-09 20:04:44 [main] INFO  com.xlb.BookingOrderApplication - Started BookingOrderApplication in 1.26 seconds (JVM running for 1.578)
2024-09-09 20:05:35 [SpringContextShutdownHook] INFO  o.s.s.c.ThreadPoolTaskExecutor - Shutting down ExecutorService 'applicationTaskExecutor'
2024-09-09 20:05:37 [main] INFO  com.xlb.BookingOrderApplication - Starting BookingOrderApplication on DESKTOP-BLBBQ2P with PID 29032 (F:\CODE\JAVA\project\booking_order\target\classes started by King in F:\CODE\JAVA\project\booking_order)
2024-09-09 20:05:37 [main] INFO  com.xlb.BookingOrderApplication - No active profile set, falling back to default profiles: default
2024-09-09 20:05:38 [main] INFO  o.s.b.w.e.tomcat.TomcatWebServer - Tomcat initialized with port(s): 8080 (http)
2024-09-09 20:05:38 [main] INFO  o.a.coyote.http11.Http11NioProtocol - Initializing ProtocolHandler ["http-nio-8080"]
2024-09-09 20:05:38 [main] INFO  o.a.catalina.core.StandardService - Starting service [Tomcat]
2024-09-09 20:05:38 [main] INFO  o.a.catalina.core.StandardEngine - Starting Servlet engine: [Apache Tomcat/9.0.46]
2024-09-09 20:05:38 [main] INFO  o.a.c.core.AprLifecycleListener - Loaded Apache Tomcat Native library [1.2.35] using APR version [1.7.0].
2024-09-09 20:05:38 [main] INFO  o.a.c.core.AprLifecycleListener - APR capabilities: IPv6 [true], sendfile [true], accept filters [false], random [true].
2024-09-09 20:05:38 [main] INFO  o.a.c.core.AprLifecycleListener - APR/OpenSSL configuration: useAprConnector [false], useOpenSSL [true]
2024-09-09 20:05:38 [main] INFO  o.a.c.core.AprLifecycleListener - OpenSSL successfully initialized [OpenSSL 1.1.1q  5 Jul 2022]
2024-09-09 20:05:38 [main] INFO  o.a.c.c.C.[Tomcat].[localhost].[/] - Initializing Spring embedded WebApplicationContext
2024-09-09 20:05:38 [main] INFO  o.s.b.w.s.c.ServletWebServerApplicationContext - Root WebApplicationContext: initialization completed in 644 ms
2024-09-09 20:05:38 [main] INFO  o.s.s.c.ThreadPoolTaskExecutor - Initializing ExecutorService 'applicationTaskExecutor'
2024-09-09 20:05:38 [main] INFO  o.a.coyote.http11.Http11NioProtocol - Starting ProtocolHandler ["http-nio-8080"]
2024-09-09 20:05:38 [main] INFO  o.s.b.w.e.tomcat.TomcatWebServer - Tomcat started on port(s): 8080 (http) with context path ''
2024-09-09 20:05:38 [main] INFO  com.xlb.BookingOrderApplication - Started BookingOrderApplication in 1.295 seconds (JVM running for 1.655)
2024-09-09 20:10:32 [SpringContextShutdownHook] INFO  o.s.s.c.ThreadPoolTaskExecutor - Shutting down ExecutorService 'applicationTaskExecutor'
2024-09-09 20:10:37 [main] INFO  com.xlb.BookingOrderApplication - Starting BookingOrderApplication on DESKTOP-BLBBQ2P with PID 988 (F:\CODE\JAVA\project\booking_order\target\classes started by King in F:\CODE\JAVA\project\booking_order)
2024-09-09 20:10:37 [main] INFO  com.xlb.BookingOrderApplication - No active profile set, falling back to default profiles: default
2024-09-09 20:10:37 [main] INFO  o.s.b.w.e.tomcat.TomcatWebServer - Tomcat initialized with port(s): 8080 (http)
2024-09-09 20:10:37 [main] INFO  o.a.coyote.http11.Http11NioProtocol - Initializing ProtocolHandler ["http-nio-8080"]
2024-09-09 20:10:37 [main] INFO  o.a.catalina.core.StandardService - Starting service [Tomcat]
2024-09-09 20:10:37 [main] INFO  o.a.catalina.core.StandardEngine - Starting Servlet engine: [Apache Tomcat/9.0.46]
2024-09-09 20:10:37 [main] INFO  o.a.c.core.AprLifecycleListener - Loaded Apache Tomcat Native library [1.2.35] using APR version [1.7.0].
2024-09-09 20:10:37 [main] INFO  o.a.c.core.AprLifecycleListener - APR capabilities: IPv6 [true], sendfile [true], accept filters [false], random [true].
2024-09-09 20:10:37 [main] INFO  o.a.c.core.AprLifecycleListener - APR/OpenSSL configuration: useAprConnector [false], useOpenSSL [true]
2024-09-09 20:10:37 [main] INFO  o.a.c.core.AprLifecycleListener - OpenSSL successfully initialized [OpenSSL 1.1.1q  5 Jul 2022]
2024-09-09 20:10:37 [main] INFO  o.a.c.c.C.[Tomcat].[localhost].[/] - Initializing Spring embedded WebApplicationContext
2024-09-09 20:10:37 [main] INFO  o.s.b.w.s.c.ServletWebServerApplicationContext - Root WebApplicationContext: initialization completed in 532 ms
2024-09-09 20:10:37 [main] INFO  o.s.s.c.ThreadPoolTaskExecutor - Initializing ExecutorService 'applicationTaskExecutor'
2024-09-09 20:10:38 [main] INFO  o.a.coyote.http11.Http11NioProtocol - Starting ProtocolHandler ["http-nio-8080"]
2024-09-09 20:10:38 [main] INFO  o.s.b.w.e.tomcat.TomcatWebServer - Tomcat started on port(s): 8080 (http) with context path ''
2024-09-09 20:10:38 [main] INFO  com.xlb.BookingOrderApplication - Started BookingOrderApplication in 1.114 seconds (JVM running for 1.432)
2024-09-09 20:10:57 [SpringContextShutdownHook] INFO  o.s.s.c.ThreadPoolTaskExecutor - Shutting down ExecutorService 'applicationTaskExecutor'
